Running: C:\Xilinx\12.2\ISE_DS\ISE\bin\nt\unwrapped\fuse.exe -intstyle ise -incremental -lib uni9000_ver -lib aim_ver -lib cpld_ver -lib xilinxcorelib_ver -o E:/CECS 341 Labs/Lab 2/ControlUnit/ControlUnitTest_isim_beh.exe -prj E:/CECS 341 Labs/Lab 2/ControlUnit/ControlUnitTest_beh.prj work.ControlUnitTest work.glbl 
ISim M.63c (signature 0xb869381d)
Number of CPUs detected in this system: 2
Turning on mult-threading, number of parallel sub-compilation jobs: 4 
Determining compilation order of HDL files
Analyzing Verilog file \"E:/CECS 341 Labs/Lab 2/ControlUnit/ControlUnit.v\" into library work
Analyzing Verilog file \"E:/CECS 341 Labs/Lab 2/ControlUnit/ControlUnitTest.v\" into library work
Analyzing Verilog file \"C:/Xilinx/12.2/ISE_DS/ISE//verilog/src/glbl.v\" into library work
Starting static elaboration
Completed static elaboration
Fuse Memory Usage: 97388 KB
Fuse CPU Usage: 93 ms
Compiling module ControlUnit
Compiling module ControlUnitTest
Compiling module glbl
Time Resolution for simulation is 1ps.
Waiting for 1 sub-compilation(s) to finish...
Compiled 3 Verilog Units
Built simulation executable E:/CECS 341 Labs/Lab 2/ControlUnit/ControlUnitTest_isim_beh.exe
Fuse Memory Usage: 101980 KB
Fuse CPU Usage: 140 ms
